<?xml version="1.0" encoding="UTF-8"?>
<testsuite name="AppTest" tests="1" skipped="0" failures="0" errors="0" timestamp="2025-05-28T07:01:56" hostname="akash-VirtualBox" time="0.011">
  <properties/>
  <testcase name="testAppHasAGreeting" classname="AppTest" time="0.011"/>
  <system-out><![CDATA[]]></system-out>
  <system-err><![CDATA[]]></system-err>
</testsuite>
